2024-12-19 20:04:42,429 - apscheduler.scheduler - INFO - Adding job tentatively -- it will be properly scheduled when the scheduler starts
2024-12-19 20:04:42,430 - apscheduler.scheduler - INFO - Added job "main.<locals>.<lambda>" to job store "default"
2024-12-19 20:04:42,431 - apscheduler.scheduler - INFO - Scheduler started
2024-12-19 20:04:42,432 - __main__ - INFO - Scheduler started successfully
2024-12-19 20:04:42,432 - apscheduler.executors.default - INFO - Running job "main.<locals>.<lambda> (trigger: interval[0:01:00], next run at: 2024-12-19 20:05:42 MSK)" (scheduled at 2024-12-19 20:04:42.428771+03:00)
2024-12-19 20:04:42,432 - __main__ - INFO - Bot started successfully
2024-12-19 20:04:42,772 - httpx - INFO - HTTP Request: POST https://api.telegram.org/bot7730268619:AAHzrMIgG0VWI4swC-5sIq6J45bRLJnm9lU/getMe "HTTP/1.1 200 OK"
2024-12-19 20:04:42,920 - httpx - INFO - HTTP Request: POST https://api.telegram.org/bot7730268619:AAHzrMIgG0VWI4swC-5sIq6J45bRLJnm9lU/deleteWebhook "HTTP/1.1 200 OK"
2024-12-19 20:04:42,922 - apscheduler.scheduler - INFO - Scheduler started
2024-12-19 20:04:42,922 - telegram.ext.Application - INFO - Application started
2024-12-19 20:04:43,057 - apscheduler.executors.default - INFO - Job "main.<locals>.<lambda> (trigger: interval[0:01:00], next run at: 2024-12-19 20:05:42 MSK)" executed successfully
2024-12-19 20:04:46,162 - httpx - INFO - HTTP Request: POST https://api.telegram.org/bot7730268619:AAHzrMIgG0VWI4swC-5sIq6J45bRLJnm9lU/getUpdates "HTTP/1.1 200 OK"
2024-12-19 20:04:46,716 - httpx - INFO - HTTP Request: POST https://api.telegram.org/bot7730268619:AAHzrMIgG0VWI4swC-5sIq6J45bRLJnm9lU/sendMessage "HTTP/1.1 200 OK"
2024-12-19 20:04:47,872 - httpx - INFO - HTTP Request: POST https://api.telegram.org/bot7730268619:AAHzrMIgG0VWI4swC-5sIq6J45bRLJnm9lU/getUpdates "HTTP/1.1 200 OK"
2024-12-19 20:04:48,590 - httpx - INFO - HTTP Request: POST https://api.telegram.org/bot7730268619:AAHzrMIgG0VWI4swC-5sIq6J45bRLJnm9lU/sendMessage "HTTP/1.1 200 OK"
2024-12-19 20:04:52,260 - httpx - INFO - HTTP Request: POST https://api.telegram.org/bot7730268619:AAHzrMIgG0VWI4swC-5sIq6J45bRLJnm9lU/getUpdates "HTTP/1.1 200 OK"
2024-12-19 20:04:52,641 - httpx - INFO - HTTP Request: POST https://api.telegram.org/bot7730268619:AAHzrMIgG0VWI4swC-5sIq6J45bRLJnm9lU/sendMessage "HTTP/1.1 200 OK"
2024-12-19 20:04:54,905 - httpx - INFO - HTTP Request: POST https://api.telegram.org/bot7730268619:AAHzrMIgG0VWI4swC-5sIq6J45bRLJnm9lU/getUpdates "HTTP/1.1 200 OK"
2024-12-19 20:04:55,326 - httpx - INFO - HTTP Request: POST https://api.telegram.org/bot7730268619:AAHzrMIgG0VWI4swC-5sIq6J45bRLJnm9lU/sendMessage "HTTP/1.1 200 OK"
2024-12-19 20:05:03,520 - httpx - INFO - HTTP Request: POST https://api.telegram.org/bot7730268619:AAHzrMIgG0VWI4swC-5sIq6J45bRLJnm9lU/getUpdates "HTTP/1.1 200 OK"
2024-12-19 20:05:04,558 - httpx - INFO - HTTP Request: POST https://api.telegram.org/bot7730268619:AAHzrMIgG0VWI4swC-5sIq6J45bRLJnm9lU/sendMessage "HTTP/1.1 200 OK"
2024-12-19 20:05:05,984 - httpx - INFO - HTTP Request: POST https://api.telegram.org/bot7730268619:AAHzrMIgG0VWI4swC-5sIq6J45bRLJnm9lU/getUpdates "HTTP/1.1 200 OK"
2024-12-19 20:05:06,390 - httpx - INFO - HTTP Request: POST https://api.telegram.org/bot7730268619:AAHzrMIgG0VWI4swC-5sIq6J45bRLJnm9lU/sendMessage "HTTP/1.1 200 OK"
2024-12-19 20:05:09,243 - httpx - INFO - HTTP Request: POST https://api.telegram.org/bot7730268619:AAHzrMIgG0VWI4swC-5sIq6J45bRLJnm9lU/getUpdates "HTTP/1.1 200 OK"
2024-12-19 20:05:09,970 - httpx - INFO - HTTP Request: POST https://api.telegram.org/bot7730268619:AAHzrMIgG0VWI4swC-5sIq6J45bRLJnm9lU/sendMessage "HTTP/1.1 200 OK"
2024-12-19 20:05:19,936 - httpx - INFO - HTTP Request: POST https://api.telegram.org/bot7730268619:AAHzrMIgG0VWI4swC-5sIq6J45bRLJnm9lU/getUpdates "HTTP/1.1 200 OK"
2024-12-19 20:05:30,026 - httpx - INFO - HTTP Request: POST https://api.telegram.org/bot7730268619:AAHzrMIgG0VWI4swC-5sIq6J45bRLJnm9lU/getUpdates "HTTP/1.1 200 OK"
2024-12-19 20:05:37,399 - httpx - INFO - HTTP Request: POST https://api.telegram.org/bot7730268619:AAHzrMIgG0VWI4swC-5sIq6J45bRLJnm9lU/getUpdates "HTTP/1.1 200 OK"
2024-12-19 20:05:37,807 - httpx - INFO - HTTP Request: POST https://api.telegram.org/bot7730268619:AAHzrMIgG0VWI4swC-5sIq6J45bRLJnm9lU/sendMessage "HTTP/1.1 200 OK"
2024-12-19 20:05:38,960 - httpx - INFO - HTTP Request: POST https://api.telegram.org/bot7730268619:AAHzrMIgG0VWI4swC-5sIq6J45bRLJnm9lU/getUpdates "HTTP/1.1 200 OK"
2024-12-19 20:05:39,329 - httpx - INFO - HTTP Request: POST https://api.telegram.org/bot7730268619:AAHzrMIgG0VWI4swC-5sIq6J45bRLJnm9lU/sendMessage "HTTP/1.1 200 OK"
2024-12-19 20:05:40,492 - httpx - INFO - HTTP Request: POST https://api.telegram.org/bot7730268619:AAHzrMIgG0VWI4swC-5sIq6J45bRLJnm9lU/getUpdates "HTTP/1.1 200 OK"
2024-12-19 20:05:40,601 - httpx - INFO - HTTP Request: POST https://api.telegram.org/bot7730268619:AAHzrMIgG0VWI4swC-5sIq6J45bRLJnm9lU/answerCallbackQuery "HTTP/1.1 200 OK"
2024-12-19 20:05:41,087 - httpx - INFO - HTTP Request: POST https://api.telegram.org/bot7730268619:AAHzrMIgG0VWI4swC-5sIq6J45bRLJnm9lU/editMessageText "HTTP/1.1 200 OK"
2024-12-19 20:05:42,438 - apscheduler.executors.default - INFO - Running job "main.<locals>.<lambda> (trigger: interval[0:01:00], next run at: 2024-12-19 20:06:42 MSK)" (scheduled at 2024-12-19 20:05:42.428771+03:00)
2024-12-19 20:05:42,845 - httpx - INFO - HTTP Request: POST https://api.telegram.org/bot7730268619:AAHzrMIgG0VWI4swC-5sIq6J45bRLJnm9lU/getUpdates "HTTP/1.1 200 OK"
2024-12-19 20:05:42,896 - apscheduler.executors.default - INFO - Job "main.<locals>.<lambda> (trigger: interval[0:01:00], next run at: 2024-12-19 20:06:42 MSK)" executed successfully
2024-12-19 20:05:42,925 - httpx - INFO - HTTP Request: POST https://api.telegram.org/bot7730268619:AAHzrMIgG0VWI4swC-5sIq6J45bRLJnm9lU/answerCallbackQuery "HTTP/1.1 200 OK"
2024-12-19 20:05:43,187 - __main__ - ERROR - Error listing users: 'NoneType' object has no attribute 'reply_text'
2024-12-19 20:05:45,906 - httpx - INFO - HTTP Request: POST https://api.telegram.org/bot7730268619:AAHzrMIgG0VWI4swC-5sIq6J45bRLJnm9lU/getUpdates "HTTP/1.1 200 OK"
2024-12-19 20:05:46,301 - httpx - INFO - HTTP Request: POST https://api.telegram.org/bot7730268619:AAHzrMIgG0VWI4swC-5sIq6J45bRLJnm9lU/sendMessage "HTTP/1.1 200 OK"
2024-12-19 20:05:46,958 - httpx - INFO - HTTP Request: POST https://api.telegram.org/bot7730268619:AAHzrMIgG0VWI4swC-5sIq6J45bRLJnm9lU/getUpdates "HTTP/1.1 200 OK"
2024-12-19 20:05:47,651 - httpx - INFO - HTTP Request: POST https://api.telegram.org/bot7730268619:AAHzrMIgG0VWI4swC-5sIq6J45bRLJnm9lU/sendMessage "HTTP/1.1 200 OK"
2024-12-19 20:05:48,707 - httpx - INFO - HTTP Request: POST https://api.telegram.org/bot7730268619:AAHzrMIgG0VWI4swC-5sIq6J45bRLJnm9lU/getUpdates "HTTP/1.1 200 OK"
2024-12-19 20:05:49,388 - httpx - INFO - HTTP Request: POST https://api.telegram.org/bot7730268619:AAHzrMIgG0VWI4swC-5sIq6J45bRLJnm9lU/sendMessage "HTTP/1.1 200 OK"
2024-12-19 20:05:50,365 - httpx - INFO - HTTP Request: POST https://api.telegram.org/bot7730268619:AAHzrMIgG0VWI4swC-5sIq6J45bRLJnm9lU/getUpdates "HTTP/1.1 200 OK"
2024-12-19 20:05:51,016 - httpx - INFO - HTTP Request: POST https://api.telegram.org/bot7730268619:AAHzrMIgG0VWI4swC-5sIq6J45bRLJnm9lU/sendMessage "HTTP/1.1 200 OK"
2024-12-19 20:05:55,039 - httpx - INFO - HTTP Request: POST https://api.telegram.org/bot7730268619:AAHzrMIgG0VWI4swC-5sIq6J45bRLJnm9lU/getUpdates "HTTP/1.1 200 OK"
2024-12-19 20:05:55,426 - httpx - INFO - HTTP Request: POST https://api.telegram.org/bot7730268619:AAHzrMIgG0VWI4swC-5sIq6J45bRLJnm9lU/sendMessage "HTTP/1.1 200 OK"
2024-12-19 20:05:56,470 - httpx - INFO - HTTP Request: POST https://api.telegram.org/bot7730268619:AAHzrMIgG0VWI4swC-5sIq6J45bRLJnm9lU/getUpdates "HTTP/1.1 200 OK"
2024-12-19 20:05:56,727 - httpx - INFO - HTTP Request: POST https://api.telegram.org/bot7730268619:AAHzrMIgG0VWI4swC-5sIq6J45bRLJnm9lU/sendMessage "HTTP/1.1 200 OK"
2024-12-19 20:06:00,547 - httpx - INFO - HTTP Request: POST https://api.telegram.org/bot7730268619:AAHzrMIgG0VWI4swC-5sIq6J45bRLJnm9lU/getUpdates "HTTP/1.1 200 OK"
2024-12-19 20:06:00,549 - __main__ - INFO - Attempting to authenticate with tag: jvr
2024-12-19 20:06:01,109 - __main__ - INFO - Client info response: {'found': True, 'enable': True, 'up': 5680705655, 'down': 347526425267, 'total': 0, 'expiryTime': 0, 'client_id': 'c759e720-54e1-48f7-b222-de117e9a95d1', 'inbound': {'id': 1, 'up': 81885700307, 'down': 1876719182265, 'total': 0, 'remark': 'mobile', 'enable': True, 'expiryTime': 0, 'clientStats': [{'id': 1, 'inboundId': 1, 'enable': True, 'email': 'iphone12', 'up': 7498139574, 'down': 296836130974, 'expiryTime': 0, 'total': 0, 'reset': 0}, {'id': 3, 'inboundId': 1, 'enable': True, 'email': 'jvr', 'up': 5680705655, 'down': 347526425267, 'expiryTime': 0, 'total': 0, 'reset': 0}, {'id': 19, 'inboundId': 1, 'enable': True, 'email': 'vozmishneka', 'up': 28568958768, 'down': 325162039663, 'expiryTime': 0, 'total': 0, 'reset': 0}, {'id': 23, 'inboundId': 1, 'enable': True, 'email': 'ksuha', 'up': 5203180333, 'down': 140871623120, 'expiryTime': 0, 'total': 0, 'reset': 0}, {'id': 31, 'inboundId': 1, 'enable': True, 'email': 'vagovoz', 'up': 2621361157, 'down': 120056150503, 'expiryTime': 0, 'total': 0, 'reset': 0}, {'id': 32, 'inboundId': 1, 'enable': True, 'email': 'rus', 'up': 7445875057, 'down': 259295971799, 'expiryTime': 0, 'total': 0, 'reset': 0}, {'id': 44, 'inboundId': 1, 'enable': True, 'email': 'Andreyprm_1android', 'up': 441788729, 'down': 23165944334, 'expiryTime': 0, 'total': 0, 'reset': 0}, {'id': 49, 'inboundId': 1, 'enable': True, 'email': 'otec', 'up': 1455905114, 'down': 117522568736, 'expiryTime': 0, 'total': 0, 'reset': 0}, {'id': 52, 'inboundId': 1, 'enable': True, 'email': 'alina', 'up': 824532092, 'down': 60974048839, 'expiryTime': 0, 'total': 0, 'reset': 0}, {'id': 55, 'inboundId': 1, 'enable': True, 'email': 'alsu', 'up': 12680920, 'down': 427468265, 'expiryTime': 0, 'total': 0, 'reset': 0}, {'id': 58, 'inboundId': 1, 'enable': True, 'email': 'margo_blago', 'up': 428754848, 'down': 3970673140, 'expiryTime': 0, 'total': 0, 'reset': 0}, {'id': 59, 'inboundId': 1, 'enable': True, 'email': 'prochitauzavtra', 'up': 2081436270, 'down': 7329681261, 'expiryTime': 0, 'total': 0, 'reset': 0}, {'id': 60, 'inboundId': 1, 'enable': True, 'email': 'lizaaaap', 'up': 161148059, 'down': 8502367793, 'expiryTime': 0, 'total': 0, 'reset': 0}], 'listen': '', 'port': 443, 'protocol': 'vless', 'settings': '{\n  "clients": [\n    {\n      "email": "iphone12",\n      "enable": true,\n      "expiryTime": 0,\n      "flow": "xtls-rprx-vision",\n      "id": "ba31f6eb-841f-49f2-a99a-b7438a9152fa",\n      "limitIp": 0,\n      "reset": 0,\n      "subId": "p17okk23px77xvmz",\n      "tgId": 7019200757,\n      "totalGB": 0\n    },\n    {\n      "email": "jvr",\n      "enable": true,\n      "expiryTime": 0,\n      "flow": "xtls-rprx-vision",\n      "id": "c759e720-54e1-48f7-b222-de117e9a95d1",\n      "limitIp": 0,\n      "reset": 0,\n      "subId": "h8e2p43ij6aw1z37",\n      "tgId": 925051239,\n      "totalGB": 0\n    },\n    {\n      "email": "vozmishneka",\n      "enable": true,\n      "expiryTime": 0,\n      "flow": "xtls-rprx-vision",\n      "id": "e09bae8b-e364-42c8-8218-ec657f664ad9",\n      "limitIp": 0,\n      "reset": 0,\n      "subId": "ehhpuwanbgifcwrd",\n      "tgId": "",\n      "totalGB": 0\n    },\n    {\n      "email": "ksuha",\n      "enable": true,\n      "expiryTime": 0,\n      "flow": "xtls-rprx-vision",\n      "id": "f2817eda-a720-47ec-94b9-f851375b1ac3",\n      "limitIp": 0,\n      "reset": 0,\n      "subId": "cjs9k4y2z3ni1nui",\n      "tgId": "",\n      "totalGB": 0\n    },\n    {\n      "email": "vagovoz",\n      "enable": true,\n      "expiryTime": 0,\n      "flow": "xtls-rprx-vision",\n      "id": "2293d491-718a-4368-8696-9b43d367e419",\n      "limitIp": 0,\n      "reset": 0,\n      "subId": "20bl90m5877y0tg4",\n      "tgId": "",\n      "totalGB": 0\n    },\n    {\n      "email": "rus",\n      "enable": true,\n      "expiryTime": 0,\n      "flow": "xtls-rprx-vision",\n      "id": "c8abe547-f6f8-4bba-9b85-506e4f1b7b22",\n      "limitIp": 0,\n      "reset": 0,\n      "subId": "jljny29ivl6odqlq",\n      "tgId": "",\n      "totalGB": 0\n    },\n    {\n      "email": "Andreyprm_1android",\n      "enable": true,\n      "expiryTime": 0,\n      "flow": "xtls-rprx-vision",\n      "id": "2fdfb72b-e7b2-4f61-9bdf-723c23528374",\n      "limitIp": 0,\n      "reset": 0,\n      "subId": "7vecqzsao503iyrg",\n      "tgId": "",\n      "totalGB": 0\n    },\n    {\n      "email": "otec",\n      "enable": true,\n      "expiryTime": 0,\n      "flow": "xtls-rprx-vision",\n      "id": "cb381ea1-daa2-44ef-926f-d000c59e0326",\n      "limitIp": 0,\n      "reset": 0,\n      "subId": "o8uye0w8hi6mugti",\n      "tgId": "",\n      "totalGB": 0\n    },\n    {\n      "email": "alina",\n      "enable": true,\n      "expiryTime": 0,\n      "flow": "xtls-rprx-vision",\n      "id": "ee565c86-5529-423f-9bda-d22b1e04de00",\n      "limitIp": 0,\n      "reset": 0,\n      "subId": "tr2vsh3pvx79ls0o",\n      "tgId": "",\n      "totalGB": 0\n    },\n    {\n      "email": "alsu",\n      "enable": true,\n      "expiryTime": 0,\n      "flow": "xtls-rprx-vision",\n      "id": "d0c51ca3-1683-4f2b-b994-aee1ddfbfce6",\n      "limitIp": 0,\n      "reset": 0,\n      "subId": "j04qr4ws4dih6ged",\n      "tgId": "",\n      "totalGB": 0\n    },\n    {\n      "email": "margo_blago",\n      "enable": true,\n      "expiryTime": 0,\n      "flow": "xtls-rprx-vision",\n      "id": "01b745c4-8df0-4f51-af6e-4f1d2766510c",\n      "limitIp": 0,\n      "reset": 0,\n      "subId": "04a8bkphwa9ns413",\n      "tgId": "",\n      "totalGB": 0\n    },\n    {\n      "email": "prochitauzavtra",\n      "enable": true,\n      "expiryTime": 0,\n      "flow": "xtls-rprx-vision",\n      "id": "e2220053-8159-4d3c-b5da-f3b91270914b",\n      "limitIp": 0,\n      "reset": 0,\n      "subId": "7dok33rlb2le6k5m",\n      "tgId": "",\n      "totalGB": 0\n    },\n    {\n      "email": "lizaaaap",\n      "enable": true,\n      "expiryTime": 0,\n      "flow": "xtls-rprx-vision",\n      "id": "772ed455-1e79-477c-a66b-935a9a921eca",\n      "limitIp": 0,\n      "reset": 0,\n      "subId": "vj100ij2m174kk40",\n      "tgId": "",\n      "totalGB": 0\n    }\n  ],\n  "decryption": "none",\n  "fallbacks": []\n}', 'streamSettings': '{\n  "network": "tcp",\n  "security": "reality",\n  "externalProxy": [],\n  "realitySettings": {\n    "show": false,\n    "xver": 0,\n    "dest": "google.com:443",\n    "serverNames": [\n      "google.com",\n      "www.google.com"\n    ],\n    "privateKey": "gKVTMG9z3h-gOPzvJv95o9qKYuUHd_CUVpwgMBJo6AI",\n    "minClient": "",\n    "maxClient": "",\n    "maxTimediff": 0,\n    "shortIds": [\n      "0f3450f5"\n    ],\n    "settings": {\n      "publicKey": "yZda4XnIQAGtY6r3L1V4c2VqRxb5LiNIJcq1pQYb2Ts",\n      "fingerprint": "chrome",\n      "serverName": "",\n      "spiderX": "/"\n    }\n  },\n  "tcpSettings": {\n    "acceptProxyProtocol": false,\n    "header": {\n      "type": "none"\n    }\n  }\n}', 'tag': 'inbound-443', 'sniffing': '{\n  "enabled": true,\n  "destOverride": [\n    "http",\n    "tls",\n    "quic",\n    "fakedns"\n  ],\n  "metadataOnly": false,\n  "routeOnly": false\n}'}, 'stream_settings': {'network': 'tcp', 'security': 'reality', 'externalProxy': [], 'realitySettings': {'show': False, 'xver': 0, 'dest': 'google.com:443', 'serverNames': ['google.com', 'www.google.com'], 'privateKey': 'gKVTMG9z3h-gOPzvJv95o9qKYuUHd_CUVpwgMBJo6AI', 'minClient': '', 'maxClient': '', 'maxTimediff': 0, 'shortIds': ['0f3450f5'], 'settings': {'publicKey': 'yZda4XnIQAGtY6r3L1V4c2VqRxb5LiNIJcq1pQYb2Ts', 'fingerprint': 'chrome', 'serverName': '', 'spiderX': '/'}}, 'tcpSettings': {'acceptProxyProtocol': False, 'header': {'type': 'none'}}}}
2024-12-19 20:06:01,114 - __main__ - INFO - Authentication successful for tag: jvr
2024-12-19 20:06:01,356 - httpx - INFO - HTTP Request: POST https://api.telegram.org/bot7730268619:AAHzrMIgG0VWI4swC-5sIq6J45bRLJnm9lU/sendMessage "HTTP/1.1 200 OK"
2024-12-19 20:06:04,057 - httpx - INFO - HTTP Request: POST https://api.telegram.org/bot7730268619:AAHzrMIgG0VWI4swC-5sIq6J45bRLJnm9lU/getUpdates "HTTP/1.1 200 OK"
2024-12-19 20:06:04,758 - httpx - INFO - HTTP Request: POST https://api.telegram.org/bot7730268619:AAHzrMIgG0VWI4swC-5sIq6J45bRLJnm9lU/sendMessage "HTTP/1.1 200 OK"
2024-12-19 20:06:05,661 - httpx - INFO - HTTP Request: POST https://api.telegram.org/bot7730268619:AAHzrMIgG0VWI4swC-5sIq6J45bRLJnm9lU/getUpdates "HTTP/1.1 200 OK"
2024-12-19 20:06:06,227 - httpx - INFO - HTTP Request: POST https://api.telegram.org/bot7730268619:AAHzrMIgG0VWI4swC-5sIq6J45bRLJnm9lU/sendMessage "HTTP/1.1 200 OK"
2024-12-19 20:06:08,947 - httpx - INFO - HTTP Request: POST https://api.telegram.org/bot7730268619:AAHzrMIgG0VWI4swC-5sIq6J45bRLJnm9lU/getUpdates "HTTP/1.1 200 OK"
2024-12-19 20:06:09,041 - httpx - INFO - HTTP Request: POST https://api.telegram.org/bot7730268619:AAHzrMIgG0VWI4swC-5sIq6J45bRLJnm9lU/sendMessage "HTTP/1.1 200 OK"
2024-12-19 20:06:12,453 - httpx - INFO - HTTP Request: POST https://api.telegram.org/bot7730268619:AAHzrMIgG0VWI4swC-5sIq6J45bRLJnm9lU/getUpdates "HTTP/1.1 200 OK"
2024-12-19 20:06:12,548 - httpx - INFO - HTTP Request: POST https://api.telegram.org/bot7730268619:AAHzrMIgG0VWI4swC-5sIq6J45bRLJnm9lU/sendMessage "HTTP/1.1 200 OK"
2024-12-19 20:06:22,523 - httpx - INFO - HTTP Request: POST https://api.telegram.org/bot7730268619:AAHzrMIgG0VWI4swC-5sIq6J45bRLJnm9lU/getUpdates "HTTP/1.1 200 OK"
2024-12-19 20:06:24,557 - httpx - INFO - HTTP Request: POST https://api.telegram.org/bot7730268619:AAHzrMIgG0VWI4swC-5sIq6J45bRLJnm9lU/getUpdates "HTTP/1.1 200 OK"
2024-12-19 20:06:24,558 - __main__ - INFO - Attempting to authenticate with tag: ooostyx
2024-12-19 20:06:25,021 - __main__ - INFO - Client info response: {'found': True, 'enable': True, 'up': 0, 'down': 0, 'total': 0, 'expiryTime': 0, 'client_id': '27edad3b-49d9-469b-b3e4-22014364ab2e', 'inbound': {'id': 5, 'up': 9581, 'down': 18052, 'total': 0, 'remark': 'subscribe', 'enable': True, 'expiryTime': 0, 'clientStats': [{'id': 68, 'inboundId': 5, 'enable': True, 'email': 'moneroambassador', 'up': 2197, 'down': 14566, 'expiryTime': 1740756148259, 'total': 0, 'reset': 0}, {'id': 69, 'inboundId': 5, 'enable': True, 'email': 'wvves', 'up': 0, 'down': 0, 'expiryTime': 1742397806638, 'total': 0, 'reset': 0}, {'id': 71, 'inboundId': 5, 'enable': True, 'email': 'ooostyx', 'up': 0, 'down': 0, 'expiryTime': 0, 'total': 0, 'reset': 0}], 'listen': '', 'port': 431, 'protocol': 'vless', 'settings': '{\n  "clients": [\n    {\n      "email": "moneroambassador",\n      "enable": true,\n      "expiryTime": 1740756148259,\n      "flow": "xtls-rprx-vision",\n      "id": "16755374-7813-45e8-965b-ff2bacccff12",\n      "limitIp": 0,\n      "reset": 0,\n      "subId": "mqzg2wh6fvubnr7k",\n      "tgId": "",\n      "totalGB": 0\n    },\n    {\n      "email": "wvves",\n      "enable": true,\n      "expiryTime": 1742397806638,\n      "flow": "xtls-rprx-vision",\n      "id": "1f73895e-7adb-41d1-bc40-e5a50664bb49",\n      "limitIp": 0,\n      "reset": 0,\n      "subId": "dxt5nf9r45gb8m6k",\n      "tgId": "",\n      "totalGB": 0\n    },\n    {\n      "email": "ooostyx",\n      "enable": true,\n      "expiryTime": 0,\n      "flow": "",\n      "id": "27edad3b-49d9-469b-b3e4-22014364ab2e",\n      "limitIp": 0,\n      "reset": 0,\n      "subId": "gunn20cb9svk5jy0",\n      "tgId": "",\n      "totalGB": 0\n    }\n  ],\n  "decryption": "none",\n  "fallbacks": []\n}', 'streamSettings': '{\n  "network": "tcp",\n  "security": "reality",\n  "externalProxy": [],\n  "realitySettings": {\n    "show": false,\n    "xver": 0,\n    "dest": "google.com:443",\n    "serverNames": [\n      "google.com",\n      "www.google.com"\n    ],\n    "privateKey": "gJrmQ4KnzUtoCIuXxk_YtcbfgyRryU69FJENaS3XSm8",\n    "minClient": "",\n    "maxClient": "",\n    "maxTimediff": 0,\n    "shortIds": [\n      "515dac3e"\n    ],\n    "settings": {\n      "publicKey": "kw5ob1HE0fHwpwhHotH0Eib0fC3KsufNcXUNLZ4oIE4",\n      "fingerprint": "chrome",\n      "serverName": "",\n      "spiderX": "/"\n    }\n  },\n  "tcpSettings": {\n    "acceptProxyProtocol": false,\n    "header": {\n      "type": "none"\n    }\n  }\n}', 'tag': 'inbound-431', 'sniffing': '{\n  "enabled": true,\n  "destOverride": [\n    "http",\n    "tls",\n    "quic",\n    "fakedns"\n  ],\n  "metadataOnly": false,\n  "routeOnly": false\n}'}, 'stream_settings': {'network': 'tcp', 'security': 'reality', 'externalProxy': [], 'realitySettings': {'show': False, 'xver': 0, 'dest': 'google.com:443', 'serverNames': ['google.com', 'www.google.com'], 'privateKey': 'gJrmQ4KnzUtoCIuXxk_YtcbfgyRryU69FJENaS3XSm8', 'minClient': '', 'maxClient': '', 'maxTimediff': 0, 'shortIds': ['515dac3e'], 'settings': {'publicKey': 'kw5ob1HE0fHwpwhHotH0Eib0fC3KsufNcXUNLZ4oIE4', 'fingerprint': 'chrome', 'serverName': '', 'spiderX': '/'}}, 'tcpSettings': {'acceptProxyProtocol': False, 'header': {'type': 'none'}}}}
2024-12-19 20:06:25,023 - __main__ - INFO - Authentication successful for tag: ooostyx
2024-12-19 20:06:25,433 - httpx - INFO - HTTP Request: POST https://api.telegram.org/bot7730268619:AAHzrMIgG0VWI4swC-5sIq6J45bRLJnm9lU/sendMessage "HTTP/1.1 200 OK"
2024-12-19 20:06:26,551 - httpx - INFO - HTTP Request: POST https://api.telegram.org/bot7730268619:AAHzrMIgG0VWI4swC-5sIq6J45bRLJnm9lU/getUpdates "HTTP/1.1 200 OK"
2024-12-19 20:06:27,182 - httpx - INFO - HTTP Request: POST https://api.telegram.org/bot7730268619:AAHzrMIgG0VWI4swC-5sIq6J45bRLJnm9lU/sendMessage "HTTP/1.1 200 OK"
2024-12-19 20:06:37,131 - httpx - INFO - HTTP Request: POST https://api.telegram.org/bot7730268619:AAHzrMIgG0VWI4swC-5sIq6J45bRLJnm9lU/getUpdates "HTTP/1.1 200 OK"
2024-12-19 20:06:42,435 - apscheduler.executors.default - INFO - Running job "main.<locals>.<lambda> (trigger: interval[0:01:00], next run at: 2024-12-19 20:07:42 MSK)" (scheduled at 2024-12-19 20:06:42.428771+03:00)
2024-12-19 20:06:42,839 - apscheduler.executors.default - INFO - Job "main.<locals>.<lambda> (trigger: interval[0:01:00], next run at: 2024-12-19 20:07:42 MSK)" executed successfully
2024-12-19 20:06:47,256 - httpx - INFO - HTTP Request: POST https://api.telegram.org/bot7730268619:AAHzrMIgG0VWI4swC-5sIq6J45bRLJnm9lU/getUpdates "HTTP/1.1 200 OK"
2024-12-19 20:06:50,300 - httpx - INFO - HTTP Request: POST https://api.telegram.org/bot7730268619:AAHzrMIgG0VWI4swC-5sIq6J45bRLJnm9lU/getUpdates "HTTP/1.1 200 OK"
2024-12-19 20:06:51,155 - httpx - INFO - HTTP Request: POST https://api.telegram.org/bot7730268619:AAHzrMIgG0VWI4swC-5sIq6J45bRLJnm9lU/sendMessage "HTTP/1.1 200 OK"
2024-12-19 20:06:52,193 - httpx - INFO - HTTP Request: POST https://api.telegram.org/bot7730268619:AAHzrMIgG0VWI4swC-5sIq6J45bRLJnm9lU/getUpdates "HTTP/1.1 200 OK"
2024-12-19 20:06:52,459 - httpx - INFO - HTTP Request: POST https://api.telegram.org/bot7730268619:AAHzrMIgG0VWI4swC-5sIq6J45bRLJnm9lU/sendMessage "HTTP/1.1 200 OK"
2024-12-19 20:06:54,099 - httpx - INFO - HTTP Request: POST https://api.telegram.org/bot7730268619:AAHzrMIgG0VWI4swC-5sIq6J45bRLJnm9lU/getUpdates "HTTP/1.1 200 OK"
2024-12-19 20:06:54,100 - __main__ - INFO - Attempting to authenticate with tag: pc
2024-12-19 20:06:54,561 - __main__ - INFO - Client info response: {'found': True, 'enable': True, 'up': 9741643900, 'down': 501951563750, 'total': 0, 'expiryTime': 0, 'client_id': 'c92480e0-303e-4b9f-b440-5e515cb60339', 'inbound': {'id': 2, 'up': 20515536507, 'down': 1172076756434, 'total': 0, 'remark': 'pc', 'enable': True, 'expiryTime': 0, 'clientStats': [{'id': 2, 'inboundId': 2, 'enable': True, 'email': 'pc', 'up': 9741643900, 'down': 501951563750, 'expiryTime': 0, 'total': 0, 'reset': 0}, {'id': 16, 'inboundId': 2, 'enable': True, 'email': 'raul', 'up': 377906877, 'down': 22068169537, 'expiryTime': 0, 'total': 0, 'reset': 0}, {'id': 18, 'inboundId': 2, 'enable': True, 'email': 'neka', 'up': 7140892729, 'down': 620846956718, 'expiryTime': 0, 'total': 0, 'reset': 0}, {'id': 33, 'inboundId': 2, 'enable': True, 'email': 'tv', 'up': 44428343, 'down': 4981652754, 'expiryTime': 0, 'total': 0, 'reset': 0}, {'id': 53, 'inboundId': 2, 'enable': True, 'email': 'ruspc', 'up': 478732624, 'down': 18650399894, 'expiryTime': 0, 'total': 0, 'reset': 0}, {'id': 61, 'inboundId': 2, 'enable': True, 'email': 'margo_pc', 'up': 34227447, 'down': 2850810874, 'expiryTime': 0, 'total': 0, 'reset': 0}], 'listen': '', 'port': 433, 'protocol': 'vless', 'settings': '{\n  "clients": [\n    {\n      "email": "pc",\n      "enable": true,\n      "expiryTime": 0,\n      "flow": "xtls-rprx-vision",\n      "id": "c92480e0-303e-4b9f-b440-5e515cb60339",\n      "limitIp": 0,\n      "reset": 0,\n      "subId": "xudbr8m5s1v4g7nw",\n      "tgId": 760360583,\n      "totalGB": 0\n    },\n    {\n      "email": "raul",\n      "enable": true,\n      "expiryTime": 0,\n      "flow": "xtls-rprx-vision",\n      "id": "04ce7b33-3a44-46df-add2-dcadcfcdabef",\n      "limitIp": 0,\n      "reset": 0,\n      "subId": "idiaydle070gl2jx",\n      "tgId": "",\n      "totalGB": 0\n    },\n    {\n      "email": "neka",\n      "enable": true,\n      "expiryTime": 0,\n      "flow": "xtls-rprx-vision",\n      "id": "40489820-ff02-4c10-8214-95fdd4cae431",\n      "limitIp": 0,\n      "reset": 0,\n      "subId": "94sonyy4ldp7jwzy",\n      "tgId": "",\n      "totalGB": 0\n    },\n    {\n      "email": "tv",\n      "enable": true,\n      "expiryTime": 0,\n      "flow": "xtls-rprx-vision",\n      "id": "bee31c6a-52db-4f9f-b129-fd2dac59dd3d",\n      "limitIp": 0,\n      "reset": 0,\n      "subId": "7bjzskvmdvfzziab",\n      "tgId": "",\n      "totalGB": 0\n    },\n    {\n      "email": "ruspc",\n      "enable": true,\n      "expiryTime": 0,\n      "flow": "xtls-rprx-vision",\n      "id": "c90c841c-6399-4e6c-a84f-c632261ec13e",\n      "limitIp": 0,\n      "reset": 0,\n      "subId": "b40kkw7k56m5arbx",\n      "tgId": "",\n      "totalGB": 0\n    },\n    {\n      "email": "margo_pc",\n      "enable": true,\n      "expiryTime": 0,\n      "flow": "xtls-rprx-vision",\n      "id": "26d31567-49bd-4900-b4cd-27d63c5463eb",\n      "limitIp": 0,\n      "reset": 0,\n      "subId": "5nmm29pzu8q86jz1",\n      "tgId": "",\n      "totalGB": 0\n    }\n  ],\n  "decryption": "none",\n  "fallbacks": []\n}', 'streamSettings': '{\n  "network": "tcp",\n  "security": "reality",\n  "externalProxy": [],\n  "realitySettings": {\n    "show": false,\n    "xver": 0,\n    "dest": "google.com:443",\n    "serverNames": [\n      "google.com",\n      "www.google.com"\n    ],\n    "privateKey": "SDvbKElOq4RaqBtGikAgSas21EXpKVe3N5mfgBbBD2k",\n    "minClient": "",\n    "maxClient": "",\n    "maxTimediff": 0,\n    "shortIds": [\n      "564b00f3"\n    ],\n    "settings": {\n      "publicKey": "-Y4_TM9YnqzhNt5u0l8Qpzo-ra6vrIhLjwdpPwtnFno",\n      "fingerprint": "chrome",\n      "serverName": "",\n      "spiderX": "/"\n    }\n  },\n  "tcpSettings": {\n    "acceptProxyProtocol": false,\n    "header": {\n      "type": "none"\n    }\n  }\n}', 'tag': 'inbound-433', 'sniffing': '{\n  "enabled": true,\n  "destOverride": [\n    "http",\n    "tls",\n    "quic",\n    "fakedns"\n  ],\n  "metadataOnly": false,\n  "routeOnly": false\n}'}, 'stream_settings': {'network': 'tcp', 'security': 'reality', 'externalProxy': [], 'realitySettings': {'show': False, 'xver': 0, 'dest': 'google.com:443', 'serverNames': ['google.com', 'www.google.com'], 'privateKey': 'SDvbKElOq4RaqBtGikAgSas21EXpKVe3N5mfgBbBD2k', 'minClient': '', 'maxClient': '', 'maxTimediff': 0, 'shortIds': ['564b00f3'], 'settings': {'publicKey': '-Y4_TM9YnqzhNt5u0l8Qpzo-ra6vrIhLjwdpPwtnFno', 'fingerprint': 'chrome', 'serverName': '', 'spiderX': '/'}}, 'tcpSettings': {'acceptProxyProtocol': False, 'header': {'type': 'none'}}}}
2024-12-19 20:06:54,563 - __main__ - INFO - Authentication successful for tag: pc
2024-12-19 20:06:54,709 - httpx - INFO - HTTP Request: POST https://api.telegram.org/bot7730268619:AAHzrMIgG0VWI4swC-5sIq6J45bRLJnm9lU/sendMessage "HTTP/1.1 200 OK"
2024-12-19 20:07:04,656 - httpx - INFO - HTTP Request: POST https://api.telegram.org/bot7730268619:AAHzrMIgG0VWI4swC-5sIq6J45bRLJnm9lU/getUpdates "HTTP/1.1 200 OK"
2024-12-19 20:07:14,718 - httpx - INFO - HTTP Request: POST https://api.telegram.org/bot7730268619:AAHzrMIgG0VWI4swC-5sIq6J45bRLJnm9lU/getUpdates "HTTP/1.1 200 OK"
2024-12-19 20:07:24,788 - httpx - INFO - HTTP Request: POST https://api.telegram.org/bot7730268619:AAHzrMIgG0VWI4swC-5sIq6J45bRLJnm9lU/getUpdates "HTTP/1.1 200 OK"
2024-12-19 20:07:34,923 - httpx - INFO - HTTP Request: POST https://api.telegram.org/bot7730268619:AAHzrMIgG0VWI4swC-5sIq6J45bRLJnm9lU/getUpdates "HTTP/1.1 200 OK"
2024-12-19 20:07:42,443 - apscheduler.executors.default - INFO - Running job "main.<locals>.<lambda> (trigger: interval[0:01:00], next run at: 2024-12-19 20:08:42 MSK)" (scheduled at 2024-12-19 20:07:42.428771+03:00)
2024-12-19 20:07:42,943 - apscheduler.executors.default - INFO - Job "main.<locals>.<lambda> (trigger: interval[0:01:00], next run at: 2024-12-19 20:08:42 MSK)" executed successfully
2024-12-19 20:07:45,006 - httpx - INFO - HTTP Request: POST https://api.telegram.org/bot7730268619:AAHzrMIgG0VWI4swC-5sIq6J45bRLJnm9lU/getUpdates "HTTP/1.1 200 OK"
2024-12-19 20:07:55,162 - httpx - INFO - HTTP Request: POST https://api.telegram.org/bot7730268619:AAHzrMIgG0VWI4swC-5sIq6J45bRLJnm9lU/getUpdates "HTTP/1.1 200 OK"
2024-12-19 20:08:05,268 - httpx - INFO - HTTP Request: POST https://api.telegram.org/bot7730268619:AAHzrMIgG0VWI4swC-5sIq6J45bRLJnm9lU/getUpdates "HTTP/1.1 200 OK"
2024-12-19 20:08:15,407 - httpx - INFO - HTTP Request: POST https://api.telegram.org/bot7730268619:AAHzrMIgG0VWI4swC-5sIq6J45bRLJnm9lU/getUpdates "HTTP/1.1 200 OK"
2024-12-19 20:08:25,506 - httpx - INFO - HTTP Request: POST https://api.telegram.org/bot7730268619:AAHzrMIgG0VWI4swC-5sIq6J45bRLJnm9lU/getUpdates "HTTP/1.1 200 OK"
2024-12-19 20:08:35,579 - httpx - INFO - HTTP Request: POST https://api.telegram.org/bot7730268619:AAHzrMIgG0VWI4swC-5sIq6J45bRLJnm9lU/getUpdates "HTTP/1.1 200 OK"
2024-12-19 20:08:42,444 - apscheduler.executors.default - INFO - Running job "main.<locals>.<lambda> (trigger: interval[0:01:00], next run at: 2024-12-19 20:09:42 MSK)" (scheduled at 2024-12-19 20:08:42.428771+03:00)
2024-12-19 20:08:42,988 - apscheduler.executors.default - INFO - Job "main.<locals>.<lambda> (trigger: interval[0:01:00], next run at: 2024-12-19 20:09:42 MSK)" executed successfully
2024-12-19 20:08:45,653 - httpx - INFO - HTTP Request: POST https://api.telegram.org/bot7730268619:AAHzrMIgG0VWI4swC-5sIq6J45bRLJnm9lU/getUpdates "HTTP/1.1 200 OK"
2024-12-19 20:08:55,786 - httpx - INFO - HTTP Request: POST https://api.telegram.org/bot7730268619:AAHzrMIgG0VWI4swC-5sIq6J45bRLJnm9lU/getUpdates "HTTP/1.1 200 OK"
2024-12-19 20:09:05,877 - httpx - INFO - HTTP Request: POST https://api.telegram.org/bot7730268619:AAHzrMIgG0VWI4swC-5sIq6J45bRLJnm9lU/getUpdates "HTTP/1.1 200 OK"
2024-12-19 20:09:15,953 - httpx - INFO - HTTP Request: POST https://api.telegram.org/bot7730268619:AAHzrMIgG0VWI4swC-5sIq6J45bRLJnm9lU/getUpdates "HTTP/1.1 200 OK"
2024-12-19 20:09:26,059 - httpx - INFO - HTTP Request: POST https://api.telegram.org/bot7730268619:AAHzrMIgG0VWI4swC-5sIq6J45bRLJnm9lU/getUpdates "HTTP/1.1 200 OK"
2024-12-19 20:09:36,127 - httpx - INFO - HTTP Request: POST https://api.telegram.org/bot7730268619:AAHzrMIgG0VWI4swC-5sIq6J45bRLJnm9lU/getUpdates "HTTP/1.1 200 OK"
2024-12-19 20:09:42,430 - apscheduler.executors.default - INFO - Running job "main.<locals>.<lambda> (trigger: interval[0:01:00], next run at: 2024-12-19 20:10:42 MSK)" (scheduled at 2024-12-19 20:09:42.428771+03:00)
2024-12-19 20:09:42,878 - apscheduler.executors.default - INFO - Job "main.<locals>.<lambda> (trigger: interval[0:01:00], next run at: 2024-12-19 20:10:42 MSK)" executed successfully
2024-12-19 20:09:46,226 - httpx - INFO - HTTP Request: POST https://api.telegram.org/bot7730268619:AAHzrMIgG0VWI4swC-5sIq6J45bRLJnm9lU/getUpdates "HTTP/1.1 200 OK"
2024-12-19 20:09:56,287 - httpx - INFO - HTTP Request: POST https://api.telegram.org/bot7730268619:AAHzrMIgG0VWI4swC-5sIq6J45bRLJnm9lU/getUpdates "HTTP/1.1 200 OK"
2024-12-19 20:10:06,400 - httpx - INFO - HTTP Request: POST https://api.telegram.org/bot7730268619:AAHzrMIgG0VWI4swC-5sIq6J45bRLJnm9lU/getUpdates "HTTP/1.1 200 OK"
2024-12-19 20:10:16,487 - httpx - INFO - HTTP Request: POST https://api.telegram.org/bot7730268619:AAHzrMIgG0VWI4swC-5sIq6J45bRLJnm9lU/getUpdates "HTTP/1.1 200 OK"
2024-12-19 20:10:26,629 - httpx - INFO - HTTP Request: POST https://api.telegram.org/bot7730268619:AAHzrMIgG0VWI4swC-5sIq6J45bRLJnm9lU/getUpdates "HTTP/1.1 200 OK"
2024-12-19 20:10:36,753 - httpx - INFO - HTTP Request: POST https://api.telegram.org/bot7730268619:AAHzrMIgG0VWI4swC-5sIq6J45bRLJnm9lU/getUpdates "HTTP/1.1 200 OK"
2024-12-19 20:10:42,433 - apscheduler.executors.default - INFO - Running job "main.<locals>.<lambda> (trigger: interval[0:01:00], next run at: 2024-12-19 20:11:42 MSK)" (scheduled at 2024-12-19 20:10:42.428771+03:00)
2024-12-19 20:10:42,859 - apscheduler.executors.default - INFO - Job "main.<locals>.<lambda> (trigger: interval[0:01:00], next run at: 2024-12-19 20:11:42 MSK)" executed successfully
2024-12-19 20:10:46,859 - httpx - INFO - HTTP Request: POST https://api.telegram.org/bot7730268619:AAHzrMIgG0VWI4swC-5sIq6J45bRLJnm9lU/getUpdates "HTTP/1.1 200 OK"
2024-12-19 20:10:56,923 - httpx - INFO - HTTP Request: POST https://api.telegram.org/bot7730268619:AAHzrMIgG0VWI4swC-5sIq6J45bRLJnm9lU/getUpdates "HTTP/1.1 200 OK"
2024-12-19 20:11:06,989 - httpx - INFO - HTTP Request: POST https://api.telegram.org/bot7730268619:AAHzrMIgG0VWI4swC-5sIq6J45bRLJnm9lU/getUpdates "HTTP/1.1 200 OK"
2024-12-19 20:11:17,074 - httpx - INFO - HTTP Request: POST https://api.telegram.org/bot7730268619:AAHzrMIgG0VWI4swC-5sIq6J45bRLJnm9lU/getUpdates "HTTP/1.1 200 OK"
2024-12-19 20:11:27,137 - httpx - INFO - HTTP Request: POST https://api.telegram.org/bot7730268619:AAHzrMIgG0VWI4swC-5sIq6J45bRLJnm9lU/getUpdates "HTTP/1.1 200 OK"
2024-12-19 20:11:37,262 - httpx - INFO - HTTP Request: POST https://api.telegram.org/bot7730268619:AAHzrMIgG0VWI4swC-5sIq6J45bRLJnm9lU/getUpdates "HTTP/1.1 200 OK"
2024-12-19 20:11:42,433 - apscheduler.executors.default - INFO - Running job "main.<locals>.<lambda> (trigger: interval[0:01:00], next run at: 2024-12-19 20:12:42 MSK)" (scheduled at 2024-12-19 20:11:42.428771+03:00)
2024-12-19 20:11:42,918 - apscheduler.executors.default - INFO - Job "main.<locals>.<lambda> (trigger: interval[0:01:00], next run at: 2024-12-19 20:12:42 MSK)" executed successfully
2024-12-19 20:11:47,596 - httpx - INFO - HTTP Request: POST https://api.telegram.org/bot7730268619:AAHzrMIgG0VWI4swC-5sIq6J45bRLJnm9lU/getUpdates "HTTP/1.1 200 OK"
2024-12-19 20:11:57,661 - httpx - INFO - HTTP Request: POST https://api.telegram.org/bot7730268619:AAHzrMIgG0VWI4swC-5sIq6J45bRLJnm9lU/getUpdates "HTTP/1.1 200 OK"
2024-12-19 20:12:07,757 - httpx - INFO - HTTP Request: POST https://api.telegram.org/bot7730268619:AAHzrMIgG0VWI4swC-5sIq6J45bRLJnm9lU/getUpdates "HTTP/1.1 200 OK"
2024-12-19 20:12:17,831 - httpx - INFO - HTTP Request: POST https://api.telegram.org/bot7730268619:AAHzrMIgG0VWI4swC-5sIq6J45bRLJnm9lU/getUpdates "HTTP/1.1 200 OK"
2024-12-19 20:12:27,916 - httpx - INFO - HTTP Request: POST https://api.telegram.org/bot7730268619:AAHzrMIgG0VWI4swC-5sIq6J45bRLJnm9lU/getUpdates "HTTP/1.1 200 OK"
2024-12-19 20:12:37,985 - httpx - INFO - HTTP Request: POST https://api.telegram.org/bot7730268619:AAHzrMIgG0VWI4swC-5sIq6J45bRLJnm9lU/getUpdates "HTTP/1.1 200 OK"
2024-12-19 20:12:42,439 - apscheduler.executors.default - INFO - Running job "main.<locals>.<lambda> (trigger: interval[0:01:00], next run at: 2024-12-19 20:13:42 MSK)" (scheduled at 2024-12-19 20:12:42.428771+03:00)
2024-12-19 20:12:42,826 - apscheduler.executors.default - INFO - Job "main.<locals>.<lambda> (trigger: interval[0:01:00], next run at: 2024-12-19 20:13:42 MSK)" executed successfully
2024-12-19 20:12:48,088 - httpx - INFO - HTTP Request: POST https://api.telegram.org/bot7730268619:AAHzrMIgG0VWI4swC-5sIq6J45bRLJnm9lU/getUpdates "HTTP/1.1 200 OK"
2024-12-19 20:12:58,153 - httpx - INFO - HTTP Request: POST https://api.telegram.org/bot7730268619:AAHzrMIgG0VWI4swC-5sIq6J45bRLJnm9lU/getUpdates "HTTP/1.1 200 OK"
2024-12-19 20:13:08,282 - httpx - INFO - HTTP Request: POST https://api.telegram.org/bot7730268619:AAHzrMIgG0VWI4swC-5sIq6J45bRLJnm9lU/getUpdates "HTTP/1.1 200 OK"
2024-12-19 20:13:18,405 - httpx - INFO - HTTP Request: POST https://api.telegram.org/bot7730268619:AAHzrMIgG0VWI4swC-5sIq6J45bRLJnm9lU/getUpdates "HTTP/1.1 200 OK"
2024-12-19 20:13:28,473 - httpx - INFO - HTTP Request: POST https://api.telegram.org/bot7730268619:AAHzrMIgG0VWI4swC-5sIq6J45bRLJnm9lU/getUpdates "HTTP/1.1 200 OK"
2024-12-19 20:13:38,551 - httpx - INFO - HTTP Request: POST https://api.telegram.org/bot7730268619:AAHzrMIgG0VWI4swC-5sIq6J45bRLJnm9lU/getUpdates "HTTP/1.1 200 OK"
2024-12-19 20:13:42,431 - apscheduler.executors.default - INFO - Running job "main.<locals>.<lambda> (trigger: interval[0:01:00], next run at: 2024-12-19 20:14:42 MSK)" (scheduled at 2024-12-19 20:13:42.428771+03:00)
2024-12-19 20:13:42,868 - apscheduler.executors.default - INFO - Job "main.<locals>.<lambda> (trigger: interval[0:01:00], next run at: 2024-12-19 20:14:42 MSK)" executed successfully
2024-12-19 20:13:48,634 - httpx - INFO - HTTP Request: POST https://api.telegram.org/bot7730268619:AAHzrMIgG0VWI4swC-5sIq6J45bRLJnm9lU/getUpdates "HTTP/1.1 200 OK"
2024-12-19 20:13:58,753 - httpx - INFO - HTTP Request: POST https://api.telegram.org/bot7730268619:AAHzrMIgG0VWI4swC-5sIq6J45bRLJnm9lU/getUpdates "HTTP/1.1 200 OK"
2024-12-19 20:14:08,823 - httpx - INFO - HTTP Request: POST https://api.telegram.org/bot7730268619:AAHzrMIgG0VWI4swC-5sIq6J45bRLJnm9lU/getUpdates "HTTP/1.1 200 OK"
2024-12-19 20:14:18,892 - httpx - INFO - HTTP Request: POST https://api.telegram.org/bot7730268619:AAHzrMIgG0VWI4swC-5sIq6J45bRLJnm9lU/getUpdates "HTTP/1.1 200 OK"
2024-12-19 20:14:28,958 - httpx - INFO - HTTP Request: POST https://api.telegram.org/bot7730268619:AAHzrMIgG0VWI4swC-5sIq6J45bRLJnm9lU/getUpdates "HTTP/1.1 200 OK"
2024-12-19 20:14:35,523 - __main__ - INFO - Received shutdown signal. Cleaning up...
2024-12-19 20:14:35,524 - apscheduler.scheduler - INFO - Scheduler has been shut down
2024-12-19 20:14:35,829 - httpx - INFO - HTTP Request: POST https://api.telegram.org/bot7730268619:AAHzrMIgG0VWI4swC-5sIq6J45bRLJnm9lU/getUpdates "HTTP/1.1 200 OK"
2024-12-19 20:14:35,830 - telegram.ext.Application - INFO - Application is stopping. This might take a moment.
2024-12-19 20:14:35,830 - apscheduler.scheduler - INFO - Scheduler has been shut down
2024-12-19 20:14:35,830 - telegram.ext.Application - INFO - Application.stop() complete
2024-12-19 20:36:49,038 - apscheduler.scheduler - INFO - Adding job tentatively -- it will be properly scheduled when the scheduler starts
2024-12-19 20:36:49,039 - apscheduler.scheduler - INFO - Added job "main.<locals>.<lambda>" to job store "default"
2024-12-19 20:36:49,039 - apscheduler.scheduler - INFO - Scheduler started
2024-12-19 20:36:49,040 - __main__ - INFO - Scheduler started successfully
2024-12-19 20:36:49,041 - apscheduler.executors.default - INFO - Running job "main.<locals>.<lambda> (trigger: interval[0:01:00], next run at: 2024-12-19 20:37:49 MSK)" (scheduled at 2024-12-19 20:36:49.037517+03:00)
2024-12-19 20:36:49,041 - __main__ - INFO - Bot started successfully
2024-12-19 20:36:49,499 - httpx - INFO - HTTP Request: POST https://api.telegram.org/bot7730268619:AAHzrMIgG0VWI4swC-5sIq6J45bRLJnm9lU/getMe "HTTP/1.1 200 OK"
2024-12-19 20:36:49,529 - apscheduler.executors.default - INFO - Job "main.<locals>.<lambda> (trigger: interval[0:01:00], next run at: 2024-12-19 20:37:49 MSK)" executed successfully
2024-12-19 20:36:49,568 - httpx - INFO - HTTP Request: POST https://api.telegram.org/bot7730268619:AAHzrMIgG0VWI4swC-5sIq6J45bRLJnm9lU/deleteWebhook "HTTP/1.1 200 OK"
2024-12-19 20:36:49,569 - apscheduler.scheduler - INFO - Scheduler started
2024-12-19 20:36:49,569 - telegram.ext.Application - INFO - Application started
2024-12-19 20:36:59,314 - httpx - INFO - HTTP Request: POST https://api.telegram.org/bot7730268619:AAHzrMIgG0VWI4swC-5sIq6J45bRLJnm9lU/getUpdates "HTTP/1.1 200 OK"
2024-12-19 20:36:59,969 - telegram.ext.Application - ERROR - No error handlers are registered, logging exception.
Traceback (most recent call last):
  File "C:\Users\Сергей\Documents\VPN_bot\.venv\Lib\site-packages\telegram\ext\_application.py", line 1234, in process_update
    await coroutine
  File "C:\Users\Сергей\Documents\VPN_bot\.venv\Lib\site-packages\telegram\ext\_basehandler.py", line 157, in handle_update
    return await self.callback(update, context)
           ^^^^^^^^^^^^^^^^^^^^^^^^^^^^^^^^^^^^
  File "c:\Users\Сергей\Documents\VPN_bot\bot.py", line 412, in start
    keyboard = await get_keyboard(await check_subscription(update.effective_user.username))
               ^^^^^^^^^^^^^^^^^^^^^^^^^^^^^^^^^^^^^^^^^^^^^^^^^^^^^^^^^^^^^^^^^^^^^^^^^^^^
TypeError: object ReplyKeyboardMarkup can't be used in 'await' expression
2024-12-19 20:37:03,620 - httpx - INFO - HTTP Request: POST https://api.telegram.org/bot7730268619:AAHzrMIgG0VWI4swC-5sIq6J45bRLJnm9lU/getUpdates "HTTP/1.1 200 OK"
2024-12-19 20:37:04,075 - telegram.ext.Application - ERROR - No error handlers are registered, logging exception.
Traceback (most recent call last):
  File "C:\Users\Сергей\Documents\VPN_bot\.venv\Lib\site-packages\telegram\ext\_application.py", line 1234, in process_update
    await coroutine
  File "C:\Users\Сергей\Documents\VPN_bot\.venv\Lib\site-packages\telegram\ext\_basehandler.py", line 157, in handle_update
    return await self.callback(update, context)
           ^^^^^^^^^^^^^^^^^^^^^^^^^^^^^^^^^^^^
  File "c:\Users\Сергей\Documents\VPN_bot\bot.py", line 412, in start
    keyboard = await get_keyboard(await check_subscription(update.effective_user.username))
               ^^^^^^^^^^^^^^^^^^^^^^^^^^^^^^^^^^^^^^^^^^^^^^^^^^^^^^^^^^^^^^^^^^^^^^^^^^^^
TypeError: object ReplyKeyboardMarkup can't be used in 'await' expression
2024-12-19 20:37:13,419 - httpx - INFO - HTTP Request: POST https://api.telegram.org/bot7730268619:AAHzrMIgG0VWI4swC-5sIq6J45bRLJnm9lU/getUpdates "HTTP/1.1 200 OK"
2024-12-19 20:37:13,858 - telegram.ext.Application - ERROR - No error handlers are registered, logging exception.
Traceback (most recent call last):
  File "C:\Users\Сергей\Documents\VPN_bot\.venv\Lib\site-packages\telegram\ext\_application.py", line 1234, in process_update
    await coroutine
  File "C:\Users\Сергей\Documents\VPN_bot\.venv\Lib\site-packages\telegram\ext\_basehandler.py", line 157, in handle_update
    return await self.callback(update, context)
           ^^^^^^^^^^^^^^^^^^^^^^^^^^^^^^^^^^^^
  File "c:\Users\Сергей\Documents\VPN_bot\bot.py", line 412, in start
    keyboard = await get_keyboard(await check_subscription(update.effective_user.username))
               ^^^^^^^^^^^^^^^^^^^^^^^^^^^^^^^^^^^^^^^^^^^^^^^^^^^^^^^^^^^^^^^^^^^^^^^^^^^^
TypeError: object ReplyKeyboardMarkup can't be used in 'await' expression
2024-12-19 20:37:23,968 - httpx - INFO - HTTP Request: POST https://api.telegram.org/bot7730268619:AAHzrMIgG0VWI4swC-5sIq6J45bRLJnm9lU/getUpdates "HTTP/1.1 200 OK"
2024-12-19 20:37:34,067 - httpx - INFO - HTTP Request: POST https://api.telegram.org/bot7730268619:AAHzrMIgG0VWI4swC-5sIq6J45bRLJnm9lU/getUpdates "HTTP/1.1 200 OK"
2024-12-19 20:37:36,999 - httpx - INFO - HTTP Request: POST https://api.telegram.org/bot7730268619:AAHzrMIgG0VWI4swC-5sIq6J45bRLJnm9lU/getUpdates "HTTP/1.1 200 OK"
2024-12-19 20:37:37,388 - telegram.ext.Application - ERROR - No error handlers are registered, logging exception.
Traceback (most recent call last):
  File "C:\Users\Сергей\Documents\VPN_bot\.venv\Lib\site-packages\telegram\ext\_application.py", line 1234, in process_update
    await coroutine
  File "C:\Users\Сергей\Documents\VPN_bot\.venv\Lib\site-packages\telegram\ext\_basehandler.py", line 157, in handle_update
    return await self.callback(update, context)
           ^^^^^^^^^^^^^^^^^^^^^^^^^^^^^^^^^^^^
  File "c:\Users\Сергей\Documents\VPN_bot\bot.py", line 412, in start
    if subscription.get('found'):
               ^^^^^^^^^^^^^^^^^^^
TypeError: object ReplyKeyboardMarkup can't be used in 'await' expression
2024-12-19 20:37:39,202 - __main__ - INFO - Received shutdown signal. Cleaning up...
2024-12-19 20:37:39,202 - apscheduler.scheduler - INFO - Scheduler has been shut down
2024-12-19 20:37:42,337 - __main__ - INFO - Received shutdown signal. Cleaning up...
2024-12-19 20:37:42,337 - __main__ - ERROR - Critical error: Scheduler is not running
2024-12-19 20:37:44,417 - apscheduler.scheduler - INFO - Adding job tentatively -- it will be properly scheduled when the scheduler starts
2024-12-19 20:37:44,419 - apscheduler.scheduler - INFO - Added job "main.<locals>.<lambda>" to job store "default"
2024-12-19 20:37:44,419 - apscheduler.scheduler - INFO - Scheduler started
2024-12-19 20:37:44,420 - __main__ - INFO - Scheduler started successfully
2024-12-19 20:37:44,420 - apscheduler.executors.default - INFO - Running job "main.<locals>.<lambda> (trigger: interval[0:01:00], next run at: 2024-12-19 20:38:44 MSK)" (scheduled at 2024-12-19 20:37:44.416584+03:00)
2024-12-19 20:37:44,420 - __main__ - INFO - Bot started successfully
2024-12-19 20:37:44,771 - httpx - INFO - HTTP Request: POST https://api.telegram.org/bot7730268619:AAHzrMIgG0VWI4swC-5sIq6J45bRLJnm9lU/getMe "HTTP/1.1 200 OK"
2024-12-19 20:37:44,861 - httpx - INFO - HTTP Request: POST https://api.telegram.org/bot7730268619:AAHzrMIgG0VWI4swC-5sIq6J45bRLJnm9lU/deleteWebhook "HTTP/1.1 200 OK"
2024-12-19 20:37:44,862 - apscheduler.executors.default - INFO - Job "main.<locals>.<lambda> (trigger: interval[0:01:00], next run at: 2024-12-19 20:38:44 MSK)" executed successfully
2024-12-19 20:37:44,863 - apscheduler.scheduler - INFO - Scheduler started
2024-12-19 20:37:44,863 - telegram.ext.Application - INFO - Application started
2024-12-19 20:37:47,006 - httpx - INFO - HTTP Request: POST https://api.telegram.org/bot7730268619:AAHzrMIgG0VWI4swC-5sIq6J45bRLJnm9lU/getUpdates "HTTP/1.1 200 OK"
2024-12-19 20:37:47,642 - httpx - INFO - HTTP Request: POST https://api.telegram.org/bot7730268619:AAHzrMIgG0VWI4swC-5sIq6J45bRLJnm9lU/sendMessage "HTTP/1.1 200 OK"
2024-12-19 20:37:49,166 - httpx - INFO - HTTP Request: POST https://api.telegram.org/bot7730268619:AAHzrMIgG0VWI4swC-5sIq6J45bRLJnm9lU/getUpdates "HTTP/1.1 200 OK"
2024-12-19 20:37:49,528 - httpx - INFO - HTTP Request: POST https://api.telegram.org/bot7730268619:AAHzrMIgG0VWI4swC-5sIq6J45bRLJnm9lU/sendMessage "HTTP/1.1 200 OK"
2024-12-19 20:37:59,437 - httpx - INFO - HTTP Request: POST https://api.telegram.org/bot7730268619:AAHzrMIgG0VWI4swC-5sIq6J45bRLJnm9lU/getUpdates "HTTP/1.1 200 OK"
2024-12-19 20:38:03,400 - __main__ - INFO - Received shutdown signal. Cleaning up...
2024-12-19 20:38:03,400 - apscheduler.scheduler - INFO - Scheduler has been shut down
2024-12-19 20:38:03,799 - httpx - INFO - HTTP Request: POST https://api.telegram.org/bot7730268619:AAHzrMIgG0VWI4swC-5sIq6J45bRLJnm9lU/getUpdates "HTTP/1.1 200 OK"
2024-12-19 20:38:03,800 - telegram.ext.Application - INFO - Application is stopping. This might take a moment.
2024-12-19 20:38:03,801 - apscheduler.scheduler - INFO - Scheduler has been shut down
2024-12-19 20:38:03,801 - telegram.ext.Application - INFO - Application.stop() complete
2024-12-19 20:38:31,334 - apscheduler.scheduler - INFO - Adding job tentatively -- it will be properly scheduled when the scheduler starts
2024-12-19 20:38:31,336 - apscheduler.scheduler - INFO - Added job "main.<locals>.<lambda>" to job store "default"
2024-12-19 20:38:31,336 - apscheduler.scheduler - INFO - Scheduler started
2024-12-19 20:38:31,337 - __main__ - INFO - Scheduler started successfully
2024-12-19 20:38:31,337 - apscheduler.executors.default - INFO - Running job "main.<locals>.<lambda> (trigger: interval[0:01:00], next run at: 2024-12-19 20:39:31 MSK)" (scheduled at 2024-12-19 20:38:31.333749+03:00)
2024-12-19 20:38:31,337 - __main__ - INFO - Bot started successfully
2024-12-19 20:38:31,877 - httpx - INFO - HTTP Request: POST https://api.telegram.org/bot7730268619:AAHzrMIgG0VWI4swC-5sIq6J45bRLJnm9lU/getMe "HTTP/1.1 200 OK"
2024-12-19 20:38:31,878 - apscheduler.executors.default - INFO - Job "main.<locals>.<lambda> (trigger: interval[0:01:00], next run at: 2024-12-19 20:39:31 MSK)" executed successfully
2024-12-19 20:38:31,979 - httpx - INFO - HTTP Request: POST https://api.telegram.org/bot7730268619:AAHzrMIgG0VWI4swC-5sIq6J45bRLJnm9lU/deleteWebhook "HTTP/1.1 200 OK"
2024-12-19 20:38:31,980 - apscheduler.scheduler - INFO - Scheduler started
2024-12-19 20:38:31,981 - telegram.ext.Application - INFO - Application started
2024-12-19 20:38:33,549 - httpx - INFO - HTTP Request: POST https://api.telegram.org/bot7730268619:AAHzrMIgG0VWI4swC-5sIq6J45bRLJnm9lU/getUpdates "HTTP/1.1 200 OK"
2024-12-19 20:38:34,318 - httpx - INFO - HTTP Request: POST https://api.telegram.org/bot7730268619:AAHzrMIgG0VWI4swC-5sIq6J45bRLJnm9lU/sendMessage "HTTP/1.1 200 OK"
2024-12-19 20:38:35,696 - httpx - INFO - HTTP Request: POST https://api.telegram.org/bot7730268619:AAHzrMIgG0VWI4swC-5sIq6J45bRLJnm9lU/getUpdates "HTTP/1.1 200 OK"
2024-12-19 20:38:36,335 - httpx - INFO - HTTP Request: POST https://api.telegram.org/bot7730268619:AAHzrMIgG0VWI4swC-5sIq6J45bRLJnm9lU/sendMessage "HTTP/1.1 200 OK"
2024-12-19 20:38:37,188 - httpx - INFO - HTTP Request: POST https://api.telegram.org/bot7730268619:AAHzrMIgG0VWI4swC-5sIq6J45bRLJnm9lU/getUpdates "HTTP/1.1 200 OK"
2024-12-19 20:38:37,483 - httpx - INFO - HTTP Request: POST https://api.telegram.org/bot7730268619:AAHzrMIgG0VWI4swC-5sIq6J45bRLJnm9lU/sendMessage "HTTP/1.1 200 OK"
2024-12-19 20:38:39,480 - httpx - INFO - HTTP Request: POST https://api.telegram.org/bot7730268619:AAHzrMIgG0VWI4swC-5sIq6J45bRLJnm9lU/getUpdates "HTTP/1.1 200 OK"
2024-12-19 20:38:39,599 - httpx - INFO - HTTP Request: POST https://api.telegram.org/bot7730268619:AAHzrMIgG0VWI4swC-5sIq6J45bRLJnm9lU/sendMessage "HTTP/1.1 200 OK"
2024-12-19 20:38:45,707 - httpx - INFO - HTTP Request: POST https://api.telegram.org/bot7730268619:AAHzrMIgG0VWI4swC-5sIq6J45bRLJnm9lU/getUpdates "HTTP/1.1 200 OK"
2024-12-19 20:38:45,708 - __main__ - INFO - Attempting to authenticate with tag: ooostyx
2024-12-19 20:38:46,216 - __main__ - INFO - Client info response: {'found': True, 'enable': True, 'up': 0, 'down': 0, 'total': 0, 'expiryTime': 0, 'client_id': '27edad3b-49d9-469b-b3e4-22014364ab2e', 'inbound': {'id': 5, 'up': 9581, 'down': 18052, 'total': 0, 'remark': 'subscribe', 'enable': True, 'expiryTime': 0, 'clientStats': [{'id': 68, 'inboundId': 5, 'enable': True, 'email': 'moneroambassador', 'up': 2197, 'down': 14566, 'expiryTime': 1740756148259, 'total': 0, 'reset': 0}, {'id': 69, 'inboundId': 5, 'enable': True, 'email': 'wvves', 'up': 0, 'down': 0, 'expiryTime': 1742397806638, 'total': 0, 'reset': 0}, {'id': 71, 'inboundId': 5, 'enable': True, 'email': 'ooostyx', 'up': 0, 'down': 0, 'expiryTime': 0, 'total': 0, 'reset': 0}, {'id': 72, 'inboundId': 5, 'enable': True, 'email': 'officialpinko', 'up': 0, 'down': 0, 'expiryTime': 0, 'total': 0, 'reset': 0}], 'listen': '', 'port': 431, 'protocol': 'vless', 'settings': '{\n  "clients": [\n    {\n      "email": "moneroambassador",\n      "enable": true,\n      "expiryTime": 1740756148259,\n      "flow": "xtls-rprx-vision",\n      "id": "16755374-7813-45e8-965b-ff2bacccff12",\n      "limitIp": 0,\n      "reset": 0,\n      "subId": "mqzg2wh6fvubnr7k",\n      "tgId": "",\n      "totalGB": 0\n    },\n    {\n      "email": "wvves",\n      "enable": true,\n      "expiryTime": 1742397806638,\n      "flow": "xtls-rprx-vision",\n      "id": "1f73895e-7adb-41d1-bc40-e5a50664bb49",\n      "limitIp": 0,\n      "reset": 0,\n      "subId": "dxt5nf9r45gb8m6k",\n      "tgId": "",\n      "totalGB": 0\n    },\n    {\n      "email": "ooostyx",\n      "enable": true,\n      "expiryTime": 0,\n      "flow": "",\n      "id": "27edad3b-49d9-469b-b3e4-22014364ab2e",\n      "limitIp": 0,\n      "reset": 0,\n      "subId": "gunn20cb9svk5jy0",\n      "tgId": "",\n      "totalGB": 0\n    },\n    {\n      "email": "officialpinko",\n      "enable": true,\n      "expiryTime": 0,\n      "flow": "",\n      "id": "7f5180d3-a385-49a5-a2e6-4a71f9d2b5e9",\n      "limitIp": 0,\n      "reset": 0,\n      "subId": "ygii0hh6egunxhbe",\n      "tgId": "",\n      "totalGB": 0\n    }\n  ],\n  "decryption": "none",\n  "fallbacks": []\n}', 'streamSettings': '{\n  "network": "tcp",\n  "security": "reality",\n  "externalProxy": [],\n  "realitySettings": {\n    "show": false,\n    "xver": 0,\n    "dest": "google.com:443",\n    "serverNames": [\n      "google.com",\n      "www.google.com"\n    ],\n    "privateKey": "gJrmQ4KnzUtoCIuXxk_YtcbfgyRryU69FJENaS3XSm8",\n    "minClient": "",\n    "maxClient": "",\n    "maxTimediff": 0,\n    "shortIds": [\n      "515dac3e"\n    ],\n    "settings": {\n      "publicKey": "kw5ob1HE0fHwpwhHotH0Eib0fC3KsufNcXUNLZ4oIE4",\n      "fingerprint": "chrome",\n      "serverName": "",\n      "spiderX": "/"\n    }\n  },\n  "tcpSettings": {\n    "acceptProxyProtocol": false,\n    "header": {\n      "type": "none"\n    }\n  }\n}', 'tag': 'inbound-431', 'sniffing': '{\n  "enabled": true,\n  "destOverride": [\n    "http",\n    "tls",\n    "quic",\n    "fakedns"\n  ],\n  "metadataOnly": false,\n  "routeOnly": false\n}'}, 'stream_settings': {'network': 'tcp', 'security': 'reality', 'externalProxy': [], 'realitySettings': {'show': False, 'xver': 0, 'dest': 'google.com:443', 'serverNames': ['google.com', 'www.google.com'], 'privateKey': 'gJrmQ4KnzUtoCIuXxk_YtcbfgyRryU69FJENaS3XSm8', 'minClient': '', 'maxClient': '', 'maxTimediff': 0, 'shortIds': ['515dac3e'], 'settings': {'publicKey': 'kw5ob1HE0fHwpwhHotH0Eib0fC3KsufNcXUNLZ4oIE4', 'fingerprint': 'chrome', 'serverName': '', 'spiderX': '/'}}, 'tcpSettings': {'acceptProxyProtocol': False, 'header': {'type': 'none'}}}}
2024-12-19 20:38:46,218 - __main__ - INFO - Authentication successful for tag: ooostyx
2024-12-19 20:38:46,653 - httpx - INFO - HTTP Request: POST https://api.telegram.org/bot7730268619:AAHzrMIgG0VWI4swC-5sIq6J45bRLJnm9lU/sendMessage "HTTP/1.1 200 OK"
2024-12-19 20:38:47,527 - httpx - INFO - HTTP Request: POST https://api.telegram.org/bot7730268619:AAHzrMIgG0VWI4swC-5sIq6J45bRLJnm9lU/getUpdates "HTTP/1.1 200 OK"
2024-12-19 20:38:48,087 - httpx - INFO - HTTP Request: POST https://api.telegram.org/bot7730268619:AAHzrMIgG0VWI4swC-5sIq6J45bRLJnm9lU/sendMessage "HTTP/1.1 200 OK"
2024-12-19 20:38:58,083 - httpx - INFO - HTTP Request: POST https://api.telegram.org/bot7730268619:AAHzrMIgG0VWI4swC-5sIq6J45bRLJnm9lU/getUpdates "HTTP/1.1 200 OK"
2024-12-19 20:39:08,177 - httpx - INFO - HTTP Request: POST https://api.telegram.org/bot7730268619:AAHzrMIgG0VWI4swC-5sIq6J45bRLJnm9lU/getUpdates "HTTP/1.1 200 OK"
2024-12-19 20:39:18,269 - httpx - INFO - HTTP Request: POST https://api.telegram.org/bot7730268619:AAHzrMIgG0VWI4swC-5sIq6J45bRLJnm9lU/getUpdates "HTTP/1.1 200 OK"
2024-12-19 20:39:28,388 - httpx - INFO - HTTP Request: POST https://api.telegram.org/bot7730268619:AAHzrMIgG0VWI4swC-5sIq6J45bRLJnm9lU/getUpdates "HTTP/1.1 200 OK"
2024-12-19 20:39:31,347 - apscheduler.executors.default - INFO - Running job "main.<locals>.<lambda> (trigger: interval[0:01:00], next run at: 2024-12-19 20:40:31 MSK)" (scheduled at 2024-12-19 20:39:31.333749+03:00)
2024-12-19 20:39:31,750 - apscheduler.executors.default - INFO - Job "main.<locals>.<lambda> (trigger: interval[0:01:00], next run at: 2024-12-19 20:40:31 MSK)" executed successfully
2024-12-19 20:39:38,449 - httpx - INFO - HTTP Request: POST https://api.telegram.org/bot7730268619:AAHzrMIgG0VWI4swC-5sIq6J45bRLJnm9lU/getUpdates "HTTP/1.1 200 OK"
2024-12-19 20:39:48,519 - httpx - INFO - HTTP Request: POST https://api.telegram.org/bot7730268619:AAHzrMIgG0VWI4swC-5sIq6J45bRLJnm9lU/getUpdates "HTTP/1.1 200 OK"
2024-12-19 20:39:56,496 - __main__ - INFO - Received shutdown signal. Cleaning up...
2024-12-19 20:39:56,496 - apscheduler.scheduler - INFO - Scheduler has been shut down
2024-12-19 20:39:56,811 - httpx - INFO - HTTP Request: POST https://api.telegram.org/bot7730268619:AAHzrMIgG0VWI4swC-5sIq6J45bRLJnm9lU/getUpdates "HTTP/1.1 200 OK"
2024-12-19 20:39:56,812 - telegram.ext.Application - INFO - Application is stopping. This might take a moment.
2024-12-19 20:39:56,813 - apscheduler.scheduler - INFO - Scheduler has been shut down
2024-12-19 20:39:56,813 - telegram.ext.Application - INFO - Application.stop() complete
